TN:
SF:script/DeployMandates.s.sol
DA:42,582
FN:42,DeployMandates.run
FNDA:582,DeployMandates.run
DA:43,582
DA:44,582
DA:47,582
DA:48,582
DA:49,582
DA:50,582
DA:53,582
DA:54,582
DA:55,582
DA:57,582
DA:58,582
DA:59,582
DA:61,582
DA:62,582
DA:63,582
DA:65,582
DA:66,582
DA:67,582
DA:69,582
DA:70,582
DA:71,582
DA:73,582
DA:74,582
DA:75,582
DA:78,582
DA:79,582
DA:80,582
DA:82,582
DA:83,582
DA:84,582
DA:86,582
DA:87,582
DA:88,582
DA:91,582
DA:92,582
DA:93,582
DA:95,582
DA:96,582
DA:97,582
DA:99,582
DA:100,582
DA:101,582
DA:103,582
DA:104,582
DA:105,582
DA:107,582
DA:108,582
DA:109,582
DA:111,582
DA:112,582
DA:113,582
DA:115,582
DA:116,582
DA:117,582
DA:119,582
DA:120,582
DA:121,582
DA:123,582
DA:124,582
DA:125,582
DA:127,582
DA:129,10476
DA:136,0
FN:136,DeployMandates.deployMandate
FNDA:0,DeployMandates.deployMandate
DA:137,10476
DA:138,10476
DA:140,10476
DA:146,10476
BRDA:146,0,0,10476
BRDA:146,0,1,10476
DA:147,10476
DA:148,10476
DA:149,10476
DA:151,10476
DA:154,0
FNF:2
FNH:1
LF:73
LH:71
BRF:2
BRH:2
end_of_record
TN:
SF:script/InitialiseHelpers.s.sol
DA:36,582
FN:36,InitialiseHelpers.run
FNDA:582,InitialiseHelpers.run
DA:37,582
DA:38,582
DA:39,582
DA:41,582
DA:42,582
DA:43,582
DA:45,582
DA:46,582
DA:47,582
DA:49,582
DA:50,582
DA:51,582
DA:53,582
DA:54,582
DA:55,582
DA:57,582
DA:58,582
DA:61,582
DA:64,582
DA:65,582
DA:66,582
DA:68,582
DA:69,582
DA:70,582
DA:72,582
DA:73,582
DA:74,582
DA:76,582
DA:77,582
DA:78,582
DA:80,582
DA:81,582
DA:82,582
DA:84,582
DA:85,582
DA:86,582
DA:92,0
FN:92,InitialiseHelpers.computeMockAddress
FNDA:0,InitialiseHelpers.computeMockAddress
DA:93,582
DA:94,582
DA:98,0
FN:98,InitialiseHelpers.deployMock
FNDA:0,InitialiseHelpers.deployMock
DA:99,6402
DA:101,6402
DA:107,6402
BRDA:107,0,0,6402
BRDA:107,0,1,6402
DA:108,6402
DA:109,6402
DA:110,6402
DA:111,6402
DA:113,0
FNF:3
FNH:1
LF:49
LH:46
BRF:2
BRH:2
end_of_record
TN:
SF:script/Configuration.s.sol
DA:31,582
FN:31,Configuration.constructor
FNDA:582,Configuration.constructor
DA:32,582
DA:33,582
DA:34,582
DA:35,582
DA:36,582
DA:37,582
DA:40,582
FN:40,Configuration.getConfig
FNDA:582,Configuration.getConfig
DA:41,582
DA:44,0
FN:44,Configuration.getConfigByChainId
FNDA:0,Configuration.getConfigByChainId
DA:45,582
BRDA:45,0,0,582
BRDA:45,0,1,-
DA:46,582
DA:48,0
DA:52,582
FN:52,Configuration.getEthSepoliaConfig
FNDA:582,Configuration.getEthSepoliaConfig
DA:53,582
DA:54,582
DA:55,582
DA:57,582
DA:58,582
DA:59,582
DA:60,582
DA:61,582
DA:63,582
DA:66,582
FN:66,Configuration.getArbSepoliaConfig
FNDA:582,Configuration.getArbSepoliaConfig
DA:67,582
DA:68,582
DA:69,582
DA:71,582
DA:72,582
DA:73,582
DA:74,582
DA:75,582
DA:77,582
DA:80,582
FN:80,Configuration.getOptSepoliaConfig
FNDA:582,Configuration.getOptSepoliaConfig
DA:81,582
DA:82,582
DA:83,582
DA:85,582
DA:86,582
DA:87,582
DA:88,582
DA:89,582
DA:91,582
DA:94,582
FN:94,Configuration.getBaseSepoliaConfig
FNDA:582,Configuration.getBaseSepoliaConfig
DA:95,582
DA:96,582
DA:97,582
DA:99,582
DA:100,582
DA:101,582
DA:102,582
DA:103,582
DA:105,582
DA:108,582
FN:108,Configuration.getMantleSepoliaConfig
FNDA:582,Configuration.getMantleSepoliaConfig
DA:109,582
DA:110,582
DA:111,582
DA:113,582
DA:114,582
DA:115,582
DA:116,582
DA:117,582
DA:119,582
DA:122,582
FN:122,Configuration.getOrCreateAnvilEthConfig
FNDA:582,Configuration.getOrCreateAnvilEthConfig
DA:123,582
DA:124,582
DA:125,582
DA:127,582
FNF:9
FNH:8
LF:68
LH:66
BRF:2
BRH:1
end_of_record
TN:
SF:src/Mandate.sol
DA:57,7234
FN:57,Mandate.initializeMandate
FNDA:7234,Mandate.initializeMandate
DA:63,7234
DA:64,7234
DA:68,7223
DA:76,7223
DA:84,2903
FN:84,Mandate.executeMandate
FNDA:2903,Mandate.executeMandate
DA:89,2903
DA:92,2903
BRDA:92,0,0,1
DA:97,2902
DA:100,2902
DA:102,2883
DA:107,2883
DA:118,0
FN:118,Mandate.handleRequest
FNDA:0,Mandate.handleRequest
DA:132,0
DA:133,2883
FN:133,Mandate._externalCall
FNDA:2883,Mandate._externalCall
DA:137,2883
FN:137,Mandate._replyPowers
FNDA:2883,Mandate._replyPowers
DA:143,2883
BRDA:143,1,0,2883
DA:149,1405
FN:149,Mandate.getNameDescription
FNDA:1405,Mandate.getNameDescription
DA:150,1405
DA:151,1118
FN:151,Mandate.getInputParams
FNDA:1118,Mandate.getInputParams
DA:153,1118
DA:156,1121
FN:156,Mandate.getConfig
FNDA:1121,Mandate.getConfig
DA:158,1121
DA:167,17538
FN:167,Mandate.supportsInterface
FNDA:17538,Mandate.supportsInterface
DA:170,17538
DA:171,17538
FNF:9
FNH:8
LF:26
LH:24
BRF:2
BRH:2
end_of_record
TN:
SF:src/MandateUtilities.sol
DA:33,7240
FN:33,MandateUtilities.checkStringLength
FNDA:7240,MandateUtilities.checkStringLength
DA:34,7240
BRDA:34,0,0,12
DA:35,12
DA:37,7228
BRDA:37,1,0,3
DA:38,3
DA:47,2
FN:47,MandateUtilities.nftCheck
FNDA:2,MandateUtilities.nftCheck
DA:48,2
DA:49,2
BRDA:49,2,0,1
DA:50,1
DA:58,2
FN:58,MandateUtilities.hasRoleCheck
FNDA:2,MandateUtilities.hasRoleCheck
DA:59,2
DA:60,2
DA:61,2
BRDA:61,3,0,1
DA:62,1
DA:71,2
FN:71,MandateUtilities.hasNotRoleCheck
FNDA:2,MandateUtilities.hasNotRoleCheck
DA:72,2
DA:73,2
DA:74,2
BRDA:74,4,0,1
DA:75,1
DA:89,24746
FN:89,MandateUtilities.computeActionId
FNDA:24746,MandateUtilities.computeActionId
DA:94,24746
DA:102,36288
FN:102,MandateUtilities.hashMandate
FNDA:36288,MandateUtilities.hashMandate
DA:103,36288
DA:112,14218
FN:112,MandateUtilities.createEmptyArrays
FNDA:14218,MandateUtilities.createEmptyArrays
DA:117,14218
DA:118,14218
DA:119,14218
DA:127,562
FN:127,MandateUtilities.arrayifyBools
FNDA:562,MandateUtilities.arrayifyBools
DA:128,562
DA:129,556
BRDA:129,6,0,275
DA:133,281
DA:134,281
DA:135,281
DA:136,133510
DA:138,133229
DA:139,133229
DA:142,281
FNF:8
FNH:8
LF:37
LH:37
BRF:6
BRH:6
end_of_record
TN:
SF:src/Powers.sol
DA:76,1464
FN:76,Powers.onlyPowers
FNDA:1464,Powers.onlyPowers
DA:77,1464
BRDA:77,0,0,-
DA:82,2883
FN:82,Powers.onlyAdoptedMandate
FNDA:2883,Powers.onlyAdoptedMandate
DA:83,2883
BRDA:83,1,0,-
DA:96,592
FN:96,Powers.constructor
FNDA:592,Powers.constructor
DA:97,592
BRDA:97,2,0,1
DA:98,591
DA:99,591
DA:100,591
BRDA:100,3,0,1
DA:101,590
BRDA:101,4,0,1
DA:102,589
DA:103,589
DA:105,589
DA:107,589
DA:115,21
FN:115,Powers.receive
FNDA:21,Powers.receive
DA:116,21
BRDA:116,5,0,1
DA:117,20
DA:125,3415
FN:125,Powers.request
FNDA:3415,Powers.request
DA:132,3414
DA:133,3414
DA:136,3414
BRDA:136,6,0,-
DA:139,3414
BRDA:139,7,0,281
DA:142,3133
BRDA:142,8,0,1
DA:145,3132
BRDA:145,9,0,1
DA:148,3131
BRDA:148,10,0,1
DA:151,3130
DA:154,2902
DA:155,2902
DA:156,2902
DA:157,2902
DA:158,2902
DA:159,2902
DA:160,2902
DA:163,2902
DA:164,2882
BRDA:164,11,0,-
DA:167,2882
DA:169,2882
DA:173,2883
FN:173,Powers.fulfill
FNDA:2883,Powers.fulfill
DA:180,2883
DA:183,2883
BRDA:183,12,0,-
DA:186,2883
BRDA:186,13,0,-
DA:189,2883
BRDA:189,14,0,-
DA:192,2883
BRDA:192,15,0,-
DA:195,2883
BRDA:195,16,0,-
DA:198,2883
BRDA:198,17,0,-
DA:201,2883
DA:202,4596
BRDA:202,18,0,-
DA:203,4596
BRDA:203,19,0,-
DA:207,2883
DA:210,2883
DA:211,4596
DA:212,4596
DA:216,2882
DA:217,2882
DA:220,2882
DA:224,1196
FN:224,Powers.propose
FNDA:1196,Powers.propose
DA:230,1195
DA:233,1195
BRDA:233,20,0,-
DA:236,1195
BRDA:236,21,0,1
DA:239,1194
BRDA:239,22,0,1
DA:242,1193
BRDA:242,23,0,1
DA:245,1192
DA:247,1190
DA:255,1192
FN:255,Powers._propose
FNDA:1192,Powers._propose
DA:261,1192
DA:262,1192
DA:265,1192
BRDA:265,24,0,1
DA:268,1191
BRDA:268,25,0,1
DA:271,1190
DA:274,1190
DA:275,1190
DA:276,1190
DA:277,1190
DA:278,1190
DA:279,1190
DA:280,1190
DA:281,1190
DA:282,1190
DA:284,1190
DA:299,138
FN:299,Powers.cancel
FNDA:138,Powers.cancel
DA:305,137
DA:308,137
BRDA:308,26,0,1
DA:310,136
DA:316,136
FN:316,Powers._cancel
FNDA:136,Powers._cancel
DA:317,136
DA:320,136
BRDA:320,27,0,-
DA:323,136
BRDA:323,28,0,2
DA:326,134
DA:329,134
DA:331,134
DA:335,6444
FN:335,Powers.castVote
FNDA:6444,Powers.castVote
DA:336,6444
DA:340,268
FN:340,Powers.castVoteWithReason
FNDA:268,Powers.castVoteWithReason
DA:341,268
DA:348,6712
FN:348,Powers._castVote
FNDA:6712,Powers._castVote
DA:350,6712
BRDA:350,29,0,1
DA:351,1
DA:353,6711
DA:356,6711
DA:357,6711
BRDA:357,30,0,148
DA:359,0
BRDA:359,31,0,-
DA:362,6563
DA:364,6562
DA:371,586
FN:371,Powers.constitute
FNDA:586,Powers.constitute
DA:373,586
BRDA:373,32,0,1
DA:376,1
BRDA:376,33,0,1
DA:379,584
DA:382,584
DA:384,4729
BRDA:384,34,0,4147
DA:385,4147
DA:391,1419
FN:391,Powers.adoptMandate
FNDA:1419,Powers.adoptMandate
DA:392,1418
DA:394,0
DA:398,536
FN:398,Powers.revokeMandate
FNDA:536,Powers.revokeMandate
DA:399,536
BRDA:399,35,0,1
DA:401,535
DA:402,535
DA:410,5565
FN:410,Powers._adoptMandate
FNDA:5565,Powers._adoptMandate
DA:412,5565
BRDA:412,36,0,1
DA:413,1
DA:417,5564
BRDA:417,37,0,1
DA:420,5563
BRDA:420,38,0,1
DA:423,5562
DA:424,5562
DA:425,5562
DA:426,5562
DA:428,5562
DA:433,5549
DA:435,5549
DA:439,15350
FN:439,Powers.assignRole
FNDA:15350,Powers.assignRole
DA:440,15349
BRDA:440,39,0,1
DA:442,15348
DA:446,1464
FN:446,Powers.revokeRole
FNDA:1464,Powers.revokeRole
DA:447,1464
DA:451,323
FN:451,Powers.labelRole
FNDA:323,Powers.labelRole
DA:452,323
BRDA:452,40,0,1
DA:453,322
BRDA:453,41,0,9
DA:454,313
BRDA:454,42,0,1
DA:456,312
DA:457,312
DA:466,17401
FN:466,Powers._setRole
FNDA:17401,Powers._setRole
DA:468,17401
BRDA:468,43,0,1
DA:470,17400
BRDA:470,44,0,1
DA:472,17399
DA:474,17399
BRDA:474,45,0,14877
BRDA:474,45,1,1133
DA:475,14877
DA:476,14877
DA:478,2522
BRDA:478,46,0,1133
DA:479,1133
DA:480,1133
DA:481,1133
DA:484,1133
DA:485,1133
DA:488,1133
DA:489,1133
DA:493,17399
DA:497,1000
FN:497,Powers.blacklistAddress
FNDA:1000,Powers.blacklistAddress
DA:498,1000
DA:499,1000
DA:503,584
FN:503,Powers.setPayableEnabled
FNDA:584,Powers.setPayableEnabled
DA:504,584
DA:508,0
FN:508,Powers.setUri
FNDA:0,Powers.setUri
DA:509,0
DA:515,4879
FN:515,Powers._hashAction
FNDA:4879,Powers._hashAction
DA:521,4879
DA:528,1118
FN:528,Powers._quorumReached
FNDA:1118,Powers._quorumReached
DA:530,1118
DA:531,1118
DA:532,1118
DA:535,1118
DA:547,6015
FN:547,Powers._hasBeenRequested
FNDA:6015,Powers._hasBeenRequested
DA:548,6015
DA:549,6015
BRDA:549,47,0,2884
DA:550,2884
DA:552,3131
DA:558,783
FN:558,Powers._voteSucceeded
FNDA:783,Powers._voteSucceeded
DA:560,783
DA:561,783
DA:562,783
DA:565,783
DA:572,6563
FN:572,Powers._countVote
FNDA:6563,Powers._countVote
DA:573,6563
DA:576,6563
DA:579,6563
BRDA:579,48,0,2451
BRDA:579,48,1,1
DA:580,2451
DA:581,4112
BRDA:581,49,0,2537
BRDA:581,49,1,1
DA:582,2537
DA:583,1575
BRDA:583,50,0,1574
BRDA:583,50,1,1
DA:584,1574
DA:586,1
DA:596,1901
FN:596,Powers._countMembersRole
FNDA:1901,Powers._countMembersRole
DA:597,1901
DA:604,593
FN:604,Powers.version
FNDA:593,Powers.version
DA:605,593
DA:609,4649
FN:609,Powers.canCallMandate
FNDA:4649,Powers.canCallMandate
DA:610,15688
DA:611,15688
DA:613,15688
DA:617,55162
FN:617,Powers.hasRoleSince
FNDA:55162,Powers.hasRoleSince
DA:618,70850
DA:619,70850
BRDA:619,51,0,40138
DA:620,40138
DA:622,30712
DA:626,1371
FN:626,Powers.getAmountRoleHolders
FNDA:1371,Powers.getAmountRoleHolders
DA:627,1371
DA:630,1591
FN:630,Powers.getRoleHolders
FNDA:1591,Powers.getRoleHolders
DA:631,1591
DA:632,1591
BRDA:632,52,0,844
DA:633,844
DA:635,747
DA:636,1591
DA:638,0
DA:641,284
FN:641,Powers.getRoleLabel
FNDA:284,Powers.getRoleLabel
DA:642,284
DA:646,2337
FN:646,Powers.getActionState
FNDA:2337,Powers.getActionState
DA:648,15064
DA:650,15064
BRDA:650,53,0,3062
DA:651,3062
DA:653,12002
BRDA:653,54,0,900
DA:654,900
DA:656,11102
BRDA:656,55,0,133
DA:657,133
DA:659,10969
BRDA:659,56,0,2883
DA:660,2883
DA:663,8086
DA:665,8086
BRDA:665,57,0,6968
BRDA:665,57,1,633
DA:666,6968
DA:667,1118
BRDA:667,58,0,485
BRDA:667,58,1,633
DA:668,485
DA:670,633
DA:675,0
FN:675,Powers.getActionData
FNDA:0,Powers.getActionData
DA:689,0
DA:691,0
DA:702,274
FN:702,Powers.getActionVoteData
FNDA:274,Powers.getActionVoteData
DA:715,274
DA:717,274
DA:727,0
FN:727,Powers.getActionCalldata
FNDA:0,Powers.getActionCalldata
DA:728,0
DA:731,0
FN:731,Powers.getActionUri
FNDA:0,Powers.getActionUri
DA:732,0
DA:735,0
FN:735,Powers.getActionNonce
FNDA:0,Powers.getActionNonce
DA:736,0
DA:740,12
FN:740,Powers.getActionDeadline
FNDA:12,Powers.getActionDeadline
DA:742,8098
DA:746,5070
FN:746,Powers.hasVoted
FNDA:5070,Powers.hasVoted
DA:747,5070
DA:751,811
FN:751,Powers.getAdoptedMandate
FNDA:811,Powers.getAdoptedMandate
DA:752,811
DA:753,811
DA:754,811
DA:756,0
DA:759,9289
FN:759,Powers.getConditions
FNDA:9289,Powers.getConditions
DA:760,28070
DA:763,997
FN:763,Powers.isBlacklisted
FNDA:997,Powers.isBlacklisted
DA:764,31114
DA:771,2
FN:771,Powers.onERC721Received
FNDA:2,Powers.onERC721Received
DA:772,2
DA:776,3
FN:776,Powers.onERC1155Received
FNDA:3,Powers.onERC1155Received
DA:777,3
DA:781,1
FN:781,Powers.onERC1155BatchReceived
FNDA:1,Powers.onERC1155BatchReceived
DA:786,1
FNF:50
FNH:45
LF:261
LH:246
BRF:65
BRH:50
end_of_record
TN:
SF:src/PowersUtilities.sol
DA:38,1193
FN:38,PowersUtilities.checksAtPropose
FNDA:1193,PowersUtilities.checksAtPropose
DA:44,4331
DA:47,4331
BRDA:47,0,0,435
DA:49,435
DA:53,435
BRDA:53,1,0,134
DA:54,134
DA:59,4197
BRDA:59,2,0,235
DA:60,235
DA:63,235
BRDA:63,3,0,66
DA:64,66
DA:76,3138
FN:76,PowersUtilities.check
FNDA:3138,PowersUtilities.check
DA:83,3138
DA:85,2940
DA:87,2940
BRDA:87,4,0,13
DA:89,13
DA:90,2
BRDA:90,5,0,2
DA:91,2
DA:96,2938
BRDA:96,6,0,244
DA:97,244
DA:99,29
BRDA:99,7,0,29
DA:100,29
DA:105,2909
BRDA:105,8,0,10
DA:106,10
DA:109,10
BRDA:109,9,0,1
DA:110,1
DA:124,1
FN:124,PowersUtilities.computeActionId
FNDA:1,PowersUtilities.computeActionId
DA:129,925
DA:132,2
FN:132,PowersUtilities.getConditions
FNDA:2,PowersUtilities.getConditions
DA:133,7273
FNF:4
FNH:4
LF:29
LH:29
BRF:10
BRH:10
end_of_record
TN:
SF:src/mandates/electoral/BuyAccess.sol
DA:58,586
FN:58,BuyAccess.constructor
FNDA:586,BuyAccess.constructor
DA:59,586
DA:60,586
DA:63,82
FN:63,BuyAccess.initializeMandate
FNDA:82,BuyAccess.initializeMandate
DA:69,82
DA:70,82
DA:73,82
BRDA:73,0,0,1
DA:74,1
DA:76,81
BRDA:76,1,0,1
DA:77,1
DA:80,80
DA:81,80
DA:82,80
DA:85,80
DA:86,158
DA:92,80
DA:94,80
DA:106,843
FN:106,BuyAccess.handleRequest
FNDA:843,BuyAccess.handleRequest
DA:124,848
DA:125,848
DA:126,848
DA:129,848
DA:130,848
DA:131,848
DA:134,848
DA:137,848
DA:139,0
BRDA:139,2,0,-
BRDA:139,2,1,848
DA:141,0
DA:142,0
DA:143,0
DA:150,848
DA:151,848
DA:152,848
DA:159,848
DA:168,848
FN:168,BuyAccess._checkDonationAccess
FNDA:848,BuyAccess._checkDonationAccess
DA:175,848
DA:177,848
BRDA:177,3,0,846
DA:178,846
DA:182,2
DA:183,2
DA:186,2
DA:189,2
BRDA:189,4,0,2
DA:190,2
DA:194,0
DA:196,0
BRDA:196,5,0,-
DA:197,0
DA:201,0
DA:204,0
DA:211,2
FN:211,BuyAccess._findTokenConfig
FNDA:2,BuyAccess._findTokenConfig
DA:215,2
DA:216,4
BRDA:216,6,0,-
DA:217,0
DA:221,2
DA:224,1
FN:224,BuyAccess.getData
FNDA:1,BuyAccess.getData
DA:225,1
FNF:6
FNH:6
LF:55
LH:45
BRF:8
BRH:5
end_of_record
TN:
SF:src/mandates/electoral/OpenElectionEnd.sol
DA:42,586
FN:42,OpenElectionEnd.constructor
FNDA:586,OpenElectionEnd.constructor
DA:43,586
DA:44,586
DA:47,79
FN:47,OpenElectionEnd.initializeMandate
FNDA:79,OpenElectionEnd.initializeMandate
DA:53,79
DA:54,79
DA:56,79
DA:58,79
DA:66,79
DA:68,79
DA:73,841
FN:73,OpenElectionEnd.handleRequest
FNDA:841,OpenElectionEnd.handleRequest
DA:84,1124
DA:85,1124
DA:87,1124
DA:90,1124
DA:93,1124
DA:96,1124
DA:97,1124
DA:98,1124
DA:100,1124
DA:101,1124
DA:102,1593
DA:108,1124
DA:110,1124
BRDA:110,0,0,561
DA:112,561
DA:113,561
DA:116,563
DA:118,563
DA:121,563
DA:122,1124
DA:123,1124
DA:128,1124
DA:132,563
DA:133,1593
DA:134,1593
DA:139,1593
DA:142,563
DA:146,1
FN:146,OpenElectionEnd.getData
FNDA:1,OpenElectionEnd.getData
DA:147,1
FNF:4
FNH:4
LF:39
LH:39
BRF:1
BRH:1
end_of_record
TN:
SF:src/mandates/electoral/NStrikesRevokesRoles.sol
DA:51,586
FN:51,NStrikesRevokesRoles.constructor
FNDA:586,NStrikesRevokesRoles.constructor
DA:52,586
DA:53,586
DA:56,76
FN:56,NStrikesRevokesRoles.initializeMandate
FNDA:76,NStrikesRevokesRoles.initializeMandate
DA:62,76
DA:63,76
DA:66,76
DA:67,76
DA:68,76
DA:69,76
DA:72,76
DA:73,76
DA:76,562
FN:76,NStrikesRevokesRoles.handleRequest
FNDA:562,NStrikesRevokesRoles.handleRequest
DA:88,564
DA:89,564
DA:90,564
DA:93,564
DA:96,564
BRDA:96,0,0,98
DA:97,98
DA:101,466
DA:104,466
DA:106,466
DA:107,467
DA:108,467
DA:111,466
DA:114,1
FN:114,NStrikesRevokesRoles.getData
FNDA:1,NStrikesRevokesRoles.getData
DA:115,1
DA:121,0
FN:121,NStrikesRevokesRoles.shouldRevokeRole
FNDA:0,NStrikesRevokesRoles.shouldRevokeRole
DA:122,0
DA:123,0
FNF:5
FNH:4
LF:30
LH:27
BRF:1
BRH:1
end_of_record
TN:
SF:src/mandates/electoral/PeerSelect.sol
DA:55,586
FN:55,PeerSelect.constructor
FNDA:586,PeerSelect.constructor
DA:56,586
DA:57,586
DA:60,78
FN:60,PeerSelect.initializeMandate
FNDA:78,PeerSelect.initializeMandate
DA:66,78
DA:67,78
DA:70,78
DA:73,78
DA:74,78
DA:75,78
DA:76,78
DA:77,78
DA:80,78
DA:81,78
DA:82,2
DA:84,78
DA:86,78
DA:89,843
FN:89,PeerSelect.handleRequest
FNDA:843,PeerSelect.handleRequest
DA:101,848
DA:102,848
DA:105,848
DA:106,848
DA:109,848
DA:112,848
BRDA:112,0,0,1
DA:113,1
DA:117,847
DA:118,847
DA:119,847
DA:120,848
BRDA:120,1,0,848
DA:121,848
DA:122,848
DA:127,847
BRDA:127,2,0,1
DA:128,1
DA:130,846
BRDA:130,3,0,1
DA:131,1
DA:135,845
DA:136,845
DA:137,845
DA:140,845
DA:141,846
DA:142,846
DA:143,846
DA:145,844
BRDA:145,4,0,844
BRDA:145,4,1,2
DA:146,844
DA:148,2
DA:153,845
BRDA:153,5,0,844
DA:154,844
DA:155,844
BRDA:155,6,0,-
DA:156,0
DA:161,845
DA:163,845
DA:164,846
DA:165,846
DA:167,844
BRDA:167,7,0,844
BRDA:167,7,1,2
DA:168,844
DA:170,2
DA:174,845
DA:177,2
FN:177,PeerSelect.getData
FNDA:2,PeerSelect.getData
DA:178,2
FNF:4
FNH:4
LF:59
LH:58
BRF:10
BRH:9
end_of_record
TN:
SF:src/mandates/electoral/RenounceRole.sol
DA:39,586
FN:39,RenounceRole.constructor
FNDA:586,RenounceRole.constructor
DA:40,586
DA:41,586
DA:44,76
FN:44,RenounceRole.initializeMandate
FNDA:76,RenounceRole.initializeMandate
DA:50,76
DA:51,76
DA:53,76
DA:54,76
DA:57,562
FN:57,RenounceRole.handleRequest
FNDA:562,RenounceRole.handleRequest
DA:70,565
DA:71,565
DA:74,565
BRDA:74,0,0,1
DA:75,1
DA:79,564
DA:80,564
DA:81,805
BRDA:81,1,0,351
DA:82,351
DA:83,351
DA:86,564
BRDA:86,2,0,213
DA:87,213
DA:91,351
DA:92,351
DA:93,351
DA:94,351
DA:96,351
DA:99,1
FN:99,RenounceRole.getAllowedRoleIds
FNDA:1,RenounceRole.getAllowedRoleIds
DA:100,1
FNF:4
FNH:4
LF:27
LH:27
BRF:3
BRH:3
end_of_record
TN:
SF:src/mandates/electoral/RoleByRoles.sol
DA:38,586
FN:38,RoleByRoles.constructor
FNDA:586,RoleByRoles.constructor
DA:39,586
DA:40,586
DA:43,76
FN:43,RoleByRoles.initializeMandate
FNDA:76,RoleByRoles.initializeMandate
DA:49,76
DA:50,76
DA:51,76
DA:56,76
DA:58,76
DA:61,1829
FN:61,RoleByRoles.handleRequest
FNDA:1829,RoleByRoles.handleRequest
DA:74,1831
DA:75,1831
DA:76,1831
DA:79,1831
DA:80,1831
DA:81,1831
DA:82,1973
BRDA:82,0,0,1759
DA:83,1759
DA:84,1759
DA:87,1831
DA:90,1831
DA:93,1831
BRDA:93,1,0,1759
DA:94,1759
DA:95,1759
DA:96,1759
DA:98,1831
BRDA:98,2,0,1
DA:99,1
DA:100,1
DA:101,1
DA:104,1831
DA:107,1
FN:107,RoleByRoles.getData
FNDA:1,RoleByRoles.getData
DA:108,1
FNF:4
FNH:4
LF:32
LH:32
BRF:3
BRH:3
end_of_record
TN:
SF:src/mandates/electoral/SelfSelect.sol
DA:39,586
FN:39,SelfSelect.constructor
FNDA:586,SelfSelect.constructor
DA:40,586
DA:41,586
DA:44,79
FN:44,SelfSelect.initializeMandate
FNDA:79,SelfSelect.initializeMandate
DA:50,79
DA:51,79
DA:53,79
DA:54,79
DA:57,1684
FN:57,SelfSelect.handleRequest
FNDA:1684,SelfSelect.handleRequest
DA:68,1687
DA:69,1687
DA:70,1687
DA:72,1687
BRDA:72,0,0,1
DA:73,1
DA:76,1686
DA:77,1686
DA:79,1686
FNF:3
FNH:3
LF:17
LH:17
BRF:1
BRH:1
end_of_record
TN:
SF:src/mandates/electoral/TaxSelect.sol
DA:61,586
FN:61,TaxSelect.constructor
FNDA:586,TaxSelect.constructor
DA:62,586
DA:63,586
DA:64,586
DA:71,76
FN:71,TaxSelect.initializeMandate
FNDA:76,TaxSelect.initializeMandate
DA:77,76
DA:78,76
DA:79,76
DA:80,76
DA:81,76
DA:82,76
DA:84,76
DA:86,76
DA:99,562
FN:99,TaxSelect.handleRequest
FNDA:562,TaxSelect.handleRequest
DA:111,564
DA:112,564
DA:114,564
DA:115,564
DA:118,564
DA:119,564
DA:121,564
BRDA:121,0,0,1
DA:122,1
DA:126,563
DA:128,563
DA:133,563
DA:134,563
DA:137,563
BRDA:137,1,0,-
BRDA:137,1,1,141
DA:139,0
DA:140,563
BRDA:140,2,0,141
DA:142,141
DA:146,563
DA:149,282
FN:149,TaxSelect.getData
FNDA:282,TaxSelect.getData
DA:150,282
FNF:4
FNH:4
LF:33
LH:32
BRF:4
BRH:3
end_of_record
TN:
SF:src/mandates/electoral/OpenElectionVote.sol
DA:51,586
FN:51,OpenElectionVote.constructor
FNDA:586,OpenElectionVote.constructor
DA:52,586
DA:53,586
DA:56,910
FN:56,OpenElectionVote.initializeMandate
FNDA:910,OpenElectionVote.initializeMandate
DA:62,910
DA:63,910
DA:66,910
DA:69,910
DA:70,910
DA:71,910
DA:72,910
DA:73,910
DA:76,910
DA:77,910
DA:78,26834
DA:80,910
DA:82,910
DA:85,837
FN:85,OpenElectionVote.handleRequest
FNDA:837,OpenElectionVote.handleRequest
DA:97,1114
DA:98,1114
DA:101,1114
DA:102,1114
DA:105,1114
BRDA:105,0,0,281
DA:106,281
DA:110,833
BRDA:110,1,0,1
DA:111,1
DA:115,832
DA:116,832
DA:117,1324
BRDA:117,2,0,1324
DA:118,1324
DA:119,1324
BRDA:119,3,0,1
DA:120,1
DA:126,831
DA:127,831
DA:128,831
DA:130,831
DA:133,1
FN:133,OpenElectionVote.getData
FNDA:1,OpenElectionVote.getData
DA:134,1
FNF:4
FNH:4
LF:38
LH:38
BRF:4
BRH:4
end_of_record
TN:
SF:src/mandates/executive/AdoptMandates.sol
DA:35,582
FN:35,AdoptMandates.constructor
FNDA:582,AdoptMandates.constructor
DA:36,582
DA:37,582
DA:40,45
FN:40,AdoptMandates.initializeMandate
FNDA:45,AdoptMandates.initializeMandate
DA:48,45
DA:49,45
DA:50,45
DA:53,45
DA:54,45
DA:59,1122
FN:59,AdoptMandates.handleRequest
FNDA:1122,AdoptMandates.handleRequest
DA:70,1123
DA:72,1123
DA:75,1123
DA:76,1123
DA:77,1123
DA:78,1123
DA:79,1123
DA:80,1123
DA:82,1123
DA:85,283
FN:85,AdoptMandates.getData
FNDA:283,AdoptMandates.getData
DA:86,283
FNF:4
FNH:4
LF:21
LH:21
BRF:0
BRH:0
end_of_record
TN:
SF:src/mandates/executive/Governor_CreateProposal.sol
DA:33,582
FN:33,Governor_CreateProposal.constructor
FNDA:582,Governor_CreateProposal.constructor
DA:34,582
DA:35,582
DA:38,381
FN:38,Governor_CreateProposal.initializeMandate
FNDA:381,Governor_CreateProposal.initializeMandate
DA:44,381
DA:45,381
DA:47,381
DA:50,381
DA:51,381
DA:56,1681
FN:56,Governor_CreateProposal.handleRequest
FNDA:1681,Governor_CreateProposal.handleRequest
DA:67,1689
DA:68,1689
DA:71,1689
DA:72,1689
BRDA:72,0,0,-
DA:75,1689
DA:76,1689
DA:79,1689
BRDA:79,1,0,282
DA:80,1407
BRDA:80,2,0,274
DA:81,1133
BRDA:81,3,0,7
DA:82,1126
BRDA:82,4,0,282
DA:85,844
DA:86,844
DA:87,844
DA:91,844
FNF:3
FNH:3
LF:24
LH:24
BRF:5
BRH:4
end_of_record
TN:
SF:src/mandates/executive/Governor_ExecuteProposal.sol
DA:34,582
FN:34,Governor_ExecuteProposal.constructor
FNDA:582,Governor_ExecuteProposal.constructor
DA:35,582
DA:36,582
DA:39,44
FN:39,Governor_ExecuteProposal.initializeMandate
FNDA:44,Governor_ExecuteProposal.initializeMandate
DA:45,44
DA:46,44
DA:48,44
DA:51,44
DA:52,44
DA:57,1120
FN:57,Governor_ExecuteProposal.handleRequest
FNDA:1120,Governor_ExecuteProposal.handleRequest
DA:68,1125
DA:69,1125
DA:72,1125
DA:73,1125
BRDA:73,0,0,-
DA:76,1125
DA:77,1125
DA:80,1125
BRDA:80,1,0,281
DA:81,844
BRDA:81,2,0,1
DA:82,843
BRDA:82,3,0,-
DA:83,843
BRDA:83,4,0,282
DA:86,561
DA:91,561
BRDA:91,5,0,-
DA:94,561
DA:95,1
BRDA:95,6,0,-
DA:96,0
DA:100,1
FNF:3
FNH:3
LF:26
LH:25
BRF:7
BRH:3
end_of_record
TN:
SF:src/mandates/multi/BespokeActionAdvanced.sol
DA:39,582
FN:39,BespokeActionAdvanced.constructor
FNDA:582,BespokeActionAdvanced.constructor
DA:40,582
DA:41,582
DA:44,394
FN:44,BespokeActionAdvanced.initializeMandate
FNDA:394,BespokeActionAdvanced.initializeMandate
DA:50,394
DA:51,394
DA:52,394
DA:54,394
DA:55,394
DA:57,394
DA:62,282
FN:62,BespokeActionAdvanced.handleRequest
FNDA:282,BespokeActionAdvanced.handleRequest
DA:73,286
DA:74,286
DA:77,286
DA:78,286
DA:79,286
DA:81,286
DA:87,286
FN:87,BespokeActionAdvanced._buildCalldata
FNDA:286,BespokeActionAdvanced._buildCalldata
DA:88,286
DA:92,286
DA:94,286
BRDA:94,0,0,-
DA:95,286
DA:103,286
DA:104,286
DA:106,286
DA:107,286
BRDA:107,1,0,-
DA:108,0
DA:112,286
DA:116,286
DA:117,286
BRDA:117,2,0,286
DA:118,286
DA:122,286
FNF:4
FNH:4
LF:32
LH:31
BRF:3
BRH:1
end_of_record
TN:
SF:src/mandates/multi/BespokeActionSimple.sol
DA:34,582
FN:34,BespokeActionSimple.constructor
FNDA:582,BespokeActionSimple.constructor
DA:35,582
DA:36,582
DA:39,397
FN:39,BespokeActionSimple.initializeMandate
FNDA:397,BespokeActionSimple.initializeMandate
DA:45,397
DA:46,397
DA:47,397
DA:49,397
DA:50,397
DA:51,397
DA:53,397
DA:58,562
FN:58,BespokeActionSimple.handleRequest
FNDA:562,BespokeActionSimple.handleRequest
DA:69,2569
DA:70,2569
DA:73,2569
DA:74,2569
DA:75,2569
DA:77,2569
FNF:3
FNH:3
LF:18
LH:18
BRF:0
BRH:0
end_of_record
TN:
SF:src/mandates/multi/OpenAction.sol
DA:36,628
FN:36,OpenAction.constructor
FNDA:628,OpenAction.constructor
DA:37,628
DA:40,963
FN:40,OpenAction.initializeMandate
FNDA:963,OpenAction.initializeMandate
DA:47,963
DA:48,963
DA:53,2820
FN:53,OpenAction.handleRequest
FNDA:2820,OpenAction.handleRequest
DA:64,2884
DA:66,2884
DA:67,0
FNF:3
FNH:3
LF:9
LH:8
BRF:0
BRH:0
end_of_record
TN:
SF:src/mandates/multi/PresetMultipleActions.sol
DA:41,582
FN:41,PresetMultipleActions.constructor
FNDA:582,PresetMultipleActions.constructor
DA:42,582
DA:43,582
DA:46,57
FN:46,PresetMultipleActions.initializeMandate
FNDA:57,PresetMultipleActions.initializeMandate
DA:52,57
DA:57,57
DA:59,57
DA:60,57
DA:62,57
DA:64,57
DA:65,114
DA:68,57
DA:70,57
DA:74,844
FN:74,PresetMultipleActions.handleRequest
FNDA:844,PresetMultipleActions.handleRequest
DA:85,848
DA:86,848
DA:88,848
DA:89,848
DA:90,848
DA:91,847
BRDA:91,0,0,847
DA:92,847
DA:95,848
BRDA:95,1,0,344
DA:96,344
DA:97,344
DA:100,504
DA:101,504
DA:102,504
DA:103,847
BRDA:103,2,0,847
DA:104,847
DA:105,847
DA:106,847
DA:107,847
DA:111,504
DA:114,845
FN:114,PresetMultipleActions.getData
FNDA:845,PresetMultipleActions.getData
DA:115,845
FNF:4
FNH:4
LF:35
LH:35
BRF:3
BRH:3
end_of_record
TN:
SF:src/mandates/multi/PresetSingleAction.sol
DA:38,582
FN:38,PresetSingleAction.constructor
FNDA:582,PresetSingleAction.constructor
DA:39,582
DA:40,582
DA:43,904
FN:43,PresetSingleAction.initializeMandate
FNDA:904,PresetSingleAction.initializeMandate
DA:49,904
DA:50,904
DA:52,904
DA:53,904
DA:55,904
DA:59,1682
FN:59,PresetSingleAction.handleRequest
FNDA:1682,PresetSingleAction.handleRequest
DA:70,1687
DA:71,1687
DA:73,1687
DA:76,283
FN:76,PresetSingleAction.getData
FNDA:283,PresetSingleAction.getData
DA:77,283
FNF:4
FNH:4
LF:15
LH:15
BRF:0
BRH:0
end_of_record
TN:
SF:src/mandates/multi/StatementOfIntent.sol
DA:30,582
FN:30,StatementOfIntent.constructor
FNDA:582,StatementOfIntent.constructor
DA:33,582
DA:34,582
DA:37,2519
FN:37,StatementOfIntent.initializeMandate
FNDA:2519,StatementOfIntent.initializeMandate
DA:44,2519
DA:45,2519
DA:49,3369
FN:49,StatementOfIntent.handleRequest
FNDA:3369,StatementOfIntent.handleRequest
DA:60,3591
DA:61,3591
DA:62,0
FNF:3
FNH:3
LF:10
LH:9
BRF:0
BRH:0
end_of_record
TN:
SF:test/TestConstitutions.sol
DA:53,337
FN:53,TestConstitutions.powersTestConstitution
FNDA:337,TestConstitutions.powersTestConstitution
DA:60,337
DA:63,337
DA:64,337
DA:65,337
DA:66,337
DA:67,337
DA:72,337
DA:73,337
DA:74,337
DA:75,337
DA:76,337
DA:77,337
DA:79,337
DA:80,337
DA:92,337
DA:94,337
DA:95,337
DA:97,337
DA:98,337
DA:108,337
DA:111,337
DA:112,337
DA:122,337
DA:125,337
DA:126,337
DA:127,337
DA:128,337
DA:130,337
DA:131,337
DA:132,337
DA:133,337
DA:134,337
DA:135,337
DA:136,337
DA:142,337
DA:144,337
DA:145,337
DA:146,337
DA:152,337
DA:154,337
DA:155,337
DA:156,337
DA:157,337
DA:163,337
DA:167,337
DA:168,337
DA:169,337
DA:170,337
DA:171,1011
DA:173,337
DA:174,337
DA:175,337
DA:178,337
DA:179,337
DA:185,337
DA:191,66
FN:191,TestConstitutions.mandateTestConstitution
FNDA:66,TestConstitutions.mandateTestConstitution
DA:198,66
DA:201,66
DA:202,66
DA:203,66
DA:204,66
DA:205,66
DA:206,66
DA:209,66
DA:210,66
DA:211,66
DA:212,66
DA:214,66
DA:220,66
DA:223,66
DA:224,66
DA:226,66
DA:232,66
DA:235,66
DA:236,66
DA:238,66
DA:244,66
DA:247,66
DA:248,66
DA:249,66
DA:250,66
DA:251,66
DA:253,66
DA:259,66
DA:262,66
DA:263,66
DA:265,66
DA:271,66
DA:275,66
DA:276,66
DA:277,66
DA:278,66
DA:279,198
DA:281,66
DA:282,66
DA:283,66
DA:286,66
DA:287,66
DA:293,66
DA:299,75
FN:299,TestConstitutions.electoralTestConstitution
FNDA:75,TestConstitutions.electoralTestConstitution
DA:306,75
DA:309,75
DA:310,75
DA:320,75
DA:323,75
DA:324,75
DA:335,75
DA:338,75
DA:339,75
DA:345,75
DA:348,75
DA:349,75
DA:359,75
DA:362,75
DA:363,75
DA:364,75
DA:365,75
DA:366,75
DA:367,75
DA:369,75
DA:370,75
DA:381,75
DA:384,75
DA:385,75
DA:391,75
DA:394,75
DA:395,75
DA:396,75
DA:397,75
DA:398,75
DA:404,75
DA:406,75
DA:407,75
DA:417,75
DA:420,75
DA:421,75
DA:422,75
DA:423,75
DA:424,75
DA:433,75
DA:437,75
DA:438,75
DA:439,75
DA:440,75
DA:441,225
DA:443,75
DA:444,75
DA:445,75
DA:448,75
DA:449,75
DA:455,75
DA:461,44
FN:461,TestConstitutions.executiveTestConstitution
FNDA:44,TestConstitutions.executiveTestConstitution
DA:468,44
DA:471,44
DA:472,44
DA:478,44
DA:481,44
DA:482,44
DA:488,44
DA:491,44
DA:492,44
DA:498,44
DA:501,44
DA:502,44
DA:505,44
DA:525,44
DA:526,44
DA:528,44
DA:529,44
DA:535,44
DA:539,44
DA:540,44
DA:541,44
DA:542,44
DA:543,132
DA:545,44
DA:546,44
DA:547,44
DA:550,44
DA:551,44
DA:557,44
DA:563,57
FN:563,TestConstitutions.multiTestConstitution
FNDA:57,TestConstitutions.multiTestConstitution
DA:570,57
DA:573,57
DA:574,57
DA:580,57
DA:583,57
DA:584,57
DA:590,57
DA:593,57
DA:594,57
DA:595,57
DA:596,57
DA:606,57
DA:609,57
DA:610,57
DA:611,57
DA:612,57
DA:613,57
DA:614,57
DA:616,57
DA:617,57
DA:629,57
DA:632,57
DA:633,57
DA:634,57
DA:636,57
DA:637,57
DA:638,57
DA:639,57
DA:640,57
DA:641,57
DA:643,57
DA:644,57
DA:650,57
DA:653,57
DA:654,57
DA:655,57
DA:657,57
DA:658,57
DA:664,57
DA:668,57
DA:669,57
DA:670,57
DA:671,57
DA:672,171
DA:674,57
DA:675,57
DA:676,57
DA:679,57
DA:680,57
DA:686,57
DA:693,3
FN:693,TestConstitutions.powers101Constitution
FNDA:3,TestConstitutions.powers101Constitution
DA:700,3
DA:702,3
DA:703,3
DA:711,3
DA:713,3
DA:714,3
DA:716,3
DA:717,3
DA:727,3
DA:730,3
DA:731,3
DA:741,3
DA:744,3
DA:745,3
DA:746,3
DA:747,3
DA:749,3
DA:750,3
DA:751,3
DA:752,3
DA:753,3
DA:759,3
DA:761,3
DA:762,3
DA:763,3
DA:769,3
DA:771,3
DA:772,3
DA:773,3
DA:774,3
DA:775,3
DA:776,3
DA:777,3
DA:783,3
DA:787,3
DA:788,3
DA:789,3
DA:790,3
DA:791,9
DA:793,3
DA:794,3
DA:795,3
DA:798,3
DA:799,3
DA:805,3
FNF:6
FNH:6
LF:279
LH:279
BRF:0
BRH:0
end_of_record
TN:
SF:test/TestSetup.t.sol
DA:268,582
FN:268,BaseSetup.setUp
FNDA:582,BaseSetup.setUp
DA:269,582
DA:270,582
DA:274,582
FN:274,BaseSetup.setUpVariables
FNDA:582,BaseSetup.setUpVariables
DA:276,582
DA:277,582
DA:278,582
DA:281,582
DA:282,582
DA:283,582
DA:284,582
DA:285,582
DA:286,582
DA:288,582
DA:289,582
DA:290,582
DA:293,582
DA:294,582
DA:295,582
DA:296,582
DA:297,582
DA:298,582
DA:299,582
DA:300,582
DA:301,582
DA:302,582
DA:303,582
DA:304,582
DA:305,582
DA:308,582
DA:309,582
DA:310,582
DA:311,582
DA:312,582
DA:313,582
DA:314,582
DA:315,582
DA:316,582
DA:317,582
DA:318,582
DA:319,582
DA:320,582
DA:322,582
DA:325,582
DA:328,582
DA:329,582
DA:330,582
DA:331,582
DA:334,582
DA:335,582
DA:336,582
DA:337,582
DA:338,582
DA:339,582
DA:340,582
DA:341,582
DA:342,582
DA:343,582
DA:346,582
DA:355,0
FN:355,TestSetupPowers.setUpVariables
FNDA:0,TestSetupPowers.setUpVariables
DA:356,337
DA:359,337
DA:364,337
DA:366,337
DA:367,337
DA:368,337
DA:369,337
DA:370,337
DA:371,337
DA:372,337
DA:373,337
DA:378,0
FN:378,TestSetupMandate.setUpVariables
FNDA:0,TestSetupMandate.setUpVariables
DA:379,66
DA:382,66
DA:387,66
DA:389,66
DA:390,66
DA:391,66
DA:392,66
DA:393,66
DA:394,66
DA:395,66
DA:400,0
FN:400,TestSetupElectoral.setUpVariables
FNDA:0,TestSetupElectoral.setUpVariables
DA:401,75
DA:404,75
DA:409,75
DA:411,75
DA:412,75
DA:413,75
DA:414,75
DA:415,75
DA:416,75
DA:417,75
DA:422,0
FN:422,TestSetupExecutive.setUpVariables
FNDA:0,TestSetupExecutive.setUpVariables
DA:423,44
DA:426,44
DA:431,44
DA:433,44
DA:434,44
DA:435,44
DA:436,44
DA:437,44
DA:438,44
DA:439,44
DA:444,0
FN:444,TestSetupMulti.setUpVariables
FNDA:0,TestSetupMulti.setUpVariables
DA:445,57
DA:448,57
DA:453,57
DA:455,57
DA:456,57
DA:457,57
DA:458,57
DA:459,57
DA:460,57
DA:461,57
DA:500,0
FN:500,TestSetupPowers101.setUpVariables
FNDA:0,TestSetupPowers101.setUpVariables
DA:501,3
DA:504,3
DA:509,3
DA:511,3
DA:512,3
DA:513,3
DA:514,3
DA:515,3
DA:516,3
DA:517,3
DA:518,3
DA:519,3
DA:520,3
DA:521,3
DA:522,3
FNF:8
FNH:2
LF:131
LH:125
BRF:0
BRH:0
end_of_record
TN:
SF:test/mocks/Donations.sol
DA:45,21
FN:45,Donations.receive
FNDA:21,Donations.receive
DA:46,21
BRDA:46,0,0,3
DA:47,18
BRDA:47,1,0,1
DA:50,17
DA:51,17
DA:52,17
DA:54,17
DA:55,17
BRDA:55,2,0,-
DA:58,17
DA:60,17
DA:66,28
FN:66,Donations.setWhitelistedToken
FNDA:28,Donations.setWhitelistedToken
DA:67,27
DA:68,27
DA:74,16
FN:74,Donations.donateToken
FNDA:16,Donations.donateToken
DA:75,16
BRDA:75,3,0,1
DA:76,15
BRDA:76,4,0,1
DA:77,14
BRDA:77,5,0,1
DA:80,13
DA:83,13
DA:91,30
FN:91,Donations._recordDonation
FNDA:30,Donations._recordDonation
DA:92,30
DA:99,30
DA:100,30
DA:102,30
DA:107,1
FN:107,Donations.getAllDonations
FNDA:1,Donations.getAllDonations
DA:108,1
DA:114,856
FN:114,Donations.getDonorDonations
FNDA:856,Donations.getDonorDonations
DA:115,856
DA:121,7
FN:121,Donations.getDonation
FNDA:7,Donations.getDonation
DA:122,7
BRDA:122,6,0,2
DA:123,5
DA:128,7
FN:128,Donations.getTotalDonations
FNDA:7,Donations.getTotalDonations
DA:129,7
DA:136,5
FN:136,Donations.getDonationsRange
FNDA:5,Donations.getDonationsRange
DA:141,5
BRDA:141,7,0,1
DA:142,4
BRDA:142,8,0,2
DA:143,2
BRDA:143,9,0,1
DA:145,1
DA:146,1
DA:147,3
DA:149,1
DA:155,5
FN:155,Donations.getTotalDonatedForToken
FNDA:5,Donations.getTotalDonatedForToken
DA:156,5
DA:157,5
DA:158,20
BRDA:158,10,0,8
DA:159,8
DA:162,5
DA:168,3
FN:168,Donations.isTokenWhitelisted
FNDA:3,Donations.isTokenWhitelisted
DA:169,3
DA:174,3
FN:174,Donations.emergencyWithdraw
FNDA:3,Donations.emergencyWithdraw
DA:175,2
BRDA:175,11,0,1
BRDA:175,11,1,1
DA:177,1
DA:178,1
BRDA:178,12,0,1
DA:179,1
DA:180,1
BRDA:180,13,0,-
DA:184,1
DA:185,1
BRDA:185,14,0,1
DA:186,1
FNF:12
FNH:12
LF:58
LH:58
BRF:16
BRH:14
end_of_record
TN:
SF:test/mocks/Erc20DelegateElection.sol
DA:20,582
FN:20,Erc20DelegateElection.constructor
FNDA:582,Erc20DelegateElection.constructor
DA:21,582
BRDA:21,0,0,-
DA:22,582
DA:26,1126
FN:26,Erc20DelegateElection.getNomineeRanking
FNDA:1126,Erc20DelegateElection.getNomineeRanking
DA:27,1126
DA:28,1126
DA:30,565
DA:31,565
DA:34,565
DA:35,3492
DA:36,3492
DA:40,565
DA:41,2927
DA:42,11073
BRDA:42,2,0,3046
DA:44,3046
DA:45,3046
DA:46,3046
DA:48,3046
DA:49,3046
DA:50,3046
DA:55,565
FNF:2
FNH:2
LF:21
LH:21
BRF:2
BRH:1
end_of_record
TN:
SF:test/mocks/Erc20Taxed.sol
DA:23,582
FN:23,Erc20Taxed.constructor
FNDA:582,Erc20Taxed.constructor
DA:25,582
DA:26,582
DA:27,582
DA:28,582
DA:31,273
FN:31,Erc20Taxed.mint
FNDA:273,Erc20Taxed.mint
DA:32,272
BRDA:32,0,0,1
DA:33,1
DA:35,271
DA:38,3
FN:38,Erc20Taxed.burn
FNDA:3,Erc20Taxed.burn
DA:39,2
BRDA:39,1,0,1
DA:40,1
DA:42,1
DA:46,9
FN:46,Erc20Taxed.faucet
FNDA:9,Erc20Taxed.faucet
DA:47,1
BRDA:47,2,0,1
DA:48,1
DA:50,8
DA:53,4
FN:53,Erc20Taxed.pauseFaucet
FNDA:4,Erc20Taxed.pauseFaucet
DA:54,3
DA:57,3
FN:57,Erc20Taxed.changeTaxRate
FNDA:3,Erc20Taxed.changeTaxRate
DA:58,2
BRDA:58,3,0,1
DA:59,1
DA:61,1
DA:65,873
FN:65,Erc20Taxed._update
FNDA:873,Erc20Taxed._update
DA:69,873
BRDA:69,4,0,5
DA:70,5
DA:71,5
DA:73,5
BRDA:73,5,0,1
DA:74,1
DA:78,4
DA:81,4
DA:82,4
DA:86,872
DA:93,284
FN:93,Erc20Taxed.getTaxLogs
FNDA:284,Erc20Taxed.getTaxLogs
DA:94,284
DA:95,284
FNF:8
FNH:8
LF:36
LH:36
BRF:6
BRH:6
end_of_record
TN:
SF:test/mocks/FlagActions.sol
DA:62,2937
FN:62,FlagActions.flag
FNDA:2937,FlagActions.flag
DA:63,1
BRDA:63,0,0,1
DA:64,2935
BRDA:64,1,0,-
DA:66,2935
DA:69,2935
DA:70,2935
DA:71,2935
DA:72,2935
DA:75,2935
DA:87,2935
DA:88,2935
DA:89,2935
DA:90,2935
DA:92,2935
DA:97,5
FN:97,FlagActions.unflag
FNDA:5,FlagActions.unflag
DA:98,4
BRDA:98,2,0,1
DA:101,3
DA:102,3
BRDA:102,3,0,-
DA:104,3
DA:107,3
DA:108,3
DA:109,3
DA:110,3
DA:113,3
DA:116,3
DA:118,3
DA:124,12
FN:124,FlagActions._removeFromArrayByIndex
FNDA:12,FlagActions._removeFromArrayByIndex
DA:125,12
BRDA:125,4,0,-
BRDA:125,4,1,12
DA:128,12
BRDA:128,5,0,10
DA:129,10
DA:130,10
DA:134,2
DA:135,2
DA:136,2
DA:144,3
FN:144,FlagActions._updateIndicesAfterRemoval
FNDA:3,FlagActions._updateIndicesAfterRemoval
DA:149,3
BRDA:149,6,0,2
DA:150,2
DA:151,2
BRDA:151,7,0,2
DA:152,2
DA:157,3
BRDA:157,8,0,-
DA:158,0
DA:159,0
BRDA:159,9,0,-
DA:160,0
DA:165,3
BRDA:165,10,0,-
DA:166,0
DA:167,0
BRDA:167,11,0,-
DA:168,0
DA:173,3
BRDA:173,12,0,-
DA:174,0
DA:175,0
BRDA:175,13,0,-
DA:176,0
DA:182,14
FN:182,FlagActions.isActionIdFlagged
FNDA:14,FlagActions.isActionIdFlagged
DA:183,14
DA:189,567
FN:189,FlagActions.getFlaggedActionsByRole
FNDA:567,FlagActions.getFlaggedActionsByRole
DA:190,567
DA:196,1
FN:196,FlagActions.getFlaggedActionsByAccount
FNDA:1,FlagActions.getFlaggedActionsByAccount
DA:197,1
DA:203,1
FN:203,FlagActions.getFlaggedActionsByMandate
FNDA:1,FlagActions.getFlaggedActionsByMandate
DA:204,1
DA:209,2
FN:209,FlagActions.getAllFlaggedActions
FNDA:2,FlagActions.getAllFlaggedActions
DA:210,2
DA:216,5
FN:216,FlagActions.getFlaggedActionsCountByRole
FNDA:5,FlagActions.getFlaggedActionsCountByRole
DA:217,5
DA:223,5
FN:223,FlagActions.getFlaggedActionsCountByAccount
FNDA:5,FlagActions.getFlaggedActionsCountByAccount
DA:224,5
DA:230,5
FN:230,FlagActions.getFlaggedActionsCountByMandate
FNDA:5,FlagActions.getFlaggedActionsCountByMandate
DA:231,5
DA:236,3
FN:236,FlagActions.getTotalFlaggedActionsCount
FNDA:3,FlagActions.getTotalFlaggedActionsCount
DA:237,3
DA:244,5
FN:244,FlagActions.isActionFlaggedForRole
FNDA:5,FlagActions.isActionFlaggedForRole
DA:245,5
DA:246,5
DA:247,2
BRDA:247,14,0,2
DA:248,2
DA:251,3
DA:258,5
FN:258,FlagActions.isActionFlaggedForAccount
FNDA:5,FlagActions.isActionFlaggedForAccount
DA:259,5
DA:260,5
DA:261,2
BRDA:261,15,0,2
DA:262,2
DA:265,3
DA:272,5
FN:272,FlagActions.isActionFlaggedForMandate
FNDA:5,FlagActions.isActionFlaggedForMandate
DA:273,5
DA:274,5
DA:275,2
BRDA:275,16,0,2
DA:276,2
DA:279,3
FNF:16
FNH:16
LF:87
LH:78
BRF:18
BRH:9
end_of_record
TN:
SF:test/mocks/Grant.sol
DA:59,20
FN:59,Grant.updateNativeBudget
FNDA:20,Grant.updateNativeBudget
DA:60,19
DA:61,19
DA:64,12
FN:64,Grant.updateTokenBudget
FNDA:12,Grant.updateTokenBudget
DA:65,11
BRDA:65,0,0,1
DA:66,10
DA:67,10
DA:70,1
FN:70,Grant.getNativeBudget
FNDA:1,Grant.getNativeBudget
DA:71,1
DA:74,1
FN:74,Grant.getTokenBudget
FNDA:1,Grant.getTokenBudget
DA:75,1
DA:78,1
FN:78,Grant.getRemainingNativeBudget
FNDA:1,Grant.getRemainingNativeBudget
DA:79,1
DA:82,1
FN:82,Grant.getRemainingTokenBudget
FNDA:1,Grant.getRemainingTokenBudget
DA:83,1
DA:88,12
FN:88,Grant.whitelistToken
FNDA:12,Grant.whitelistToken
DA:89,11
BRDA:89,1,0,1
DA:90,10
DA:91,10
DA:94,2
FN:94,Grant.dewhitelistToken
FNDA:2,Grant.dewhitelistToken
DA:95,1
DA:96,1
DA:99,2
FN:99,Grant.isTokenWhitelisted
FNDA:2,Grant.isTokenWhitelisted
DA:100,2
DA:105,21
FN:105,Grant.submitProposal
FNDA:21,Grant.submitProposal
DA:111,20
BRDA:111,2,0,1
DA:112,19
BRDA:112,3,0,1
DA:113,18
BRDA:113,4,0,-
DA:116,18
DA:117,26
BRDA:117,5,0,1
DA:118,1
DA:122,17
DA:124,17
DA:136,17
DA:137,25
DA:145,17
DA:148,16
FN:148,Grant.approveProposal
FNDA:16,Grant.approveProposal
DA:149,15
DA:150,15
BRDA:150,6,0,1
DA:151,14
BRDA:151,7,0,1
DA:154,13
DA:156,9
DA:157,9
DA:160,2
FN:160,Grant.rejectProposal
FNDA:2,Grant.rejectProposal
DA:161,1
DA:162,1
BRDA:162,8,0,-
DA:163,1
BRDA:163,9,0,-
DA:165,1
DA:166,1
DA:171,6
FN:171,Grant.releaseMilestone
FNDA:6,Grant.releaseMilestone
DA:172,5
DA:173,5
BRDA:173,10,0,-
DA:174,5
BRDA:174,11,0,1
DA:176,4
DA:178,4
BRDA:178,12,0,-
DA:179,0
BRDA:179,13,0,-
DA:180,4
BRDA:180,14,0,1
DA:182,3
DA:184,2
DA:185,2
DA:190,1
FN:190,Grant.getProposal
FNDA:1,Grant.getProposal
DA:191,1
DA:194,1
FN:194,Grant.getMilestone
FNDA:1,Grant.getMilestone
DA:195,1
DA:198,1
FN:198,Grant.getProposalMilestones
FNDA:1,Grant.getProposalMilestones
DA:199,1
DA:200,1
BRDA:200,15,0,-
DA:202,1
DA:203,1
DA:204,2
DA:206,1
DA:209,4
FN:209,Grant.isProposalApproved
FNDA:4,Grant.isProposalApproved
DA:210,4
DA:213,2
FN:213,Grant.isProposalRejected
FNDA:2,Grant.isProposalRejected
DA:214,2
DA:217,1
FN:217,Grant.getTotalSpentNative
FNDA:1,Grant.getTotalSpentNative
DA:218,1
DA:221,0
FN:221,Grant.getTotalSpentToken
FNDA:0,Grant.getTotalSpentToken
DA:222,0
DA:225,1
FN:225,Grant.getProposalCount
FNDA:1,Grant.getProposalCount
DA:226,1
DA:231,2
FN:231,Grant.canReleaseMilestone
FNDA:2,Grant.canReleaseMilestone
DA:232,2
DA:233,2
DA:234,2
DA:236,2
DA:237,2
DA:239,2
DA:242,1
BRDA:242,21,0,1
BRDA:242,21,1,-
DA:243,1
DA:245,0
DA:249,1
FN:249,Grant.getBudgetStatus
FNDA:1,Grant.getBudgetStatus
DA:258,1
DA:259,1
DA:260,1
DA:264,1
DA:267,13
FN:267,Grant._checkProposalBudgetConstraints
FNDA:13,Grant._checkProposalBudgetConstraints
DA:268,13
DA:271,13
DA:274,13
DA:275,19
DA:277,19
BRDA:277,22,0,14
DA:279,14
DA:284,13
BRDA:284,23,0,11
DA:285,11
BRDA:285,24,0,2
DA:286,2
DA:291,11
DA:292,15
DA:294,15
BRDA:294,25,0,4
DA:296,4
DA:297,4
DA:298,9
DA:299,9
BRDA:299,26,0,5
DA:300,5
DA:305,4
BRDA:305,27,0,2
DA:306,2
DA:312,3
FN:312,Grant._checkBudgetConstraints
FNDA:3,Grant._checkBudgetConstraints
DA:313,3
DA:315,3
BRDA:315,28,0,3
BRDA:315,28,1,-
DA:317,3
BRDA:317,29,0,1
DA:318,1
DA:320,2
DA:323,0
BRDA:323,30,0,-
DA:324,0
DA:326,0
FNF:25
FNH:24
LF:125
LH:118
BRF:28
BRH:18
end_of_record
TN:
SF:test/mocks/MandateMocks.sol
DA:8,4
FN:8,EmptyTargetsMandate.handleRequest
FNDA:4,EmptyTargetsMandate.handleRequest
DA:20,4
DA:21,4
DA:22,4
DA:23,4
DA:29,12
FN:29,MockTargetsMandate.handleRequest
FNDA:12,MockTargetsMandate.handleRequest
DA:41,12
DA:42,12
DA:43,12
DA:44,12
DA:46,12
DA:47,12
DA:48,12
DA:50,12
DA:51,12
DA:52,12
FNF:2
FNH:2
LF:16
LH:16
BRF:0
BRH:0
end_of_record
TN:
SF:test/mocks/Nominees.sol
DA:29,33370
FN:29,Nominees.nominate
FNDA:33370,Nominees.nominate
DA:30,33353
BRDA:30,0,0,33353
BRDA:30,0,1,11
DA:31,33353
BRDA:31,1,0,3
DA:32,33350
DA:33,33350
DA:35,33350
DA:37,33350
DA:39,14
BRDA:39,2,0,3
DA:40,11
DA:42,11
DA:43,11
DA:44,14
BRDA:44,3,0,11
DA:45,11
DA:46,11
DA:47,11
DA:51,11
DA:53,11
DA:59,2117
FN:59,Nominees.getNominees
FNDA:2117,Nominees.getNominees
DA:60,2117
DA:63,4472
FN:63,Nominees.isNominee
FNDA:4472,Nominees.isNominee
DA:64,4472
FNF:3
FNH:3
LF:21
LH:21
BRF:5
BRH:5
end_of_record
TN:
SF:test/mocks/OpenElection.sol
DA:41,26862
FN:41,OpenElection.nominate
FNDA:26862,OpenElection.nominate
DA:42,1
BRDA:42,0,0,1
DA:43,26860
DA:48,290
FN:48,OpenElection.vote
FNDA:290,OpenElection.vote
DA:49,289
BRDA:49,1,0,1
DA:50,288
BRDA:50,2,0,1
DA:51,1
BRDA:51,3,0,1
DA:53,286
DA:54,286
BRDA:54,4,0,1
DA:56,285
DA:59,285
DA:60,777
BRDA:60,5,0,777
DA:61,777
DA:62,777
DA:63,777
DA:70,857
FN:70,OpenElection.openElection
FNDA:857,OpenElection.openElection
DA:71,1
BRDA:71,6,0,1
DA:72,855
BRDA:72,7,0,1
DA:75,854
DA:78,854
DA:79,854
DA:80,26847
DA:83,854
DA:90,854
DA:93,4
FN:93,OpenElection.closeElection
FNDA:4,OpenElection.closeElection
DA:94,3
BRDA:94,8,0,1
DA:95,2
BRDA:95,9,0,1
DA:97,1
DA:98,1
DA:102,1119
FN:102,OpenElection.isElectionOpen
FNDA:1119,OpenElection.isElectionOpen
DA:103,1119
DA:106,4
FN:106,OpenElection.getElectionInfo
FNDA:4,OpenElection.getElectionInfo
DA:107,4
DA:110,1
FN:110,OpenElection.getNomineesForElection
FNDA:1,OpenElection.getNomineesForElection
DA:111,1
DA:114,12379
FN:114,OpenElection.getVoteCount
FNDA:12379,OpenElection.getVoteCount
DA:115,12379
DA:118,6
FN:118,OpenElection.hasUserVoted
FNDA:6,OpenElection.hasUserVoted
DA:119,6
DA:122,4
FN:122,OpenElection.getNomineeRanking
FNDA:4,OpenElection.getNomineeRanking
DA:123,4
BRDA:123,10,0,1
DA:124,1
DA:127,3
DA:130,0
FN:130,OpenElection.getRankingAnyTime
FNDA:0,OpenElection.getRankingAnyTime
DA:131,3
DA:132,3
DA:133,3
DA:135,3
DA:136,3
DA:139,3
DA:140,6
DA:141,6
DA:145,3
DA:146,3
DA:147,4
BRDA:147,12,0,-
DA:149,0
DA:150,0
DA:151,0
DA:154,0
DA:155,0
DA:156,0
DA:161,3
FNF:11
FNH:10
LF:62
LH:55
BRF:12
BRH:11
end_of_record
TN:
SF:test/mocks/SimpleErc1155.sol
DA:25,17
FN:25,SimpleErc1155.mint
FNDA:17,SimpleErc1155.mint
DA:26,17
BRDA:26,0,0,2
DA:27,2
DA:29,15
BRDA:29,1,0,1
DA:30,1
DA:32,14
FNF:1
FNH:1
LF:6
LH:6
BRF:2
BRH:2
end_of_record
TN:
SF:test/mocks/SimpleErc20Votes.sol
DA:17,3397
FN:17,SimpleErc20Votes.mint
FNDA:3397,SimpleErc20Votes.mint
DA:18,3397
BRDA:18,0,0,1
DA:19,1
DA:21,3396
BRDA:21,1,0,1
DA:22,1
DA:24,3395
FNF:1
FNH:1
LF:6
LH:6
BRF:2
BRH:2
end_of_record
TN:
SF:test/mocks/SimpleGovernor.sol
DA:32,2
FN:32,SimpleGovernor.proposalThreshold
FNDA:2,SimpleGovernor.proposalThreshold
DA:33,9
FNF:1
FNH:1
LF:2
LH:2
BRF:0
BRH:0
end_of_record
TN:
SF:test/mocks/SoulboundErc721.sol
DA:16,16
FN:16,SoulboundErc721.mintNFT
FNDA:16,SoulboundErc721.mintNFT
DA:17,15
BRDA:17,0,0,1
DA:18,1
DA:20,14
DA:23,3
FN:23,SoulboundErc721.burnNft
FNDA:3,SoulboundErc721.burnNft
DA:24,2
BRDA:24,1,0,1
DA:25,1
DA:27,1
DA:30,2
FN:30,SoulboundErc721._approve
FNDA:2,SoulboundErc721._approve
DA:31,2
BRDA:31,2,0,1
DA:32,1
DA:34,1
DA:37,1
FN:37,SoulboundErc721._setApprovalForAll
FNDA:1,SoulboundErc721._setApprovalForAll
DA:38,1
BRDA:38,3,0,1
DA:39,1
DA:41,0
DA:44,16
FN:44,SoulboundErc721._update
FNDA:16,SoulboundErc721._update
DA:45,16
DA:48,16
BRDA:48,4,0,1
DA:49,1
DA:52,15
FNF:5
FNH:5
LF:21
LH:20
BRF:5
BRH:5
end_of_record
